2024-01-05 22:39:53,472:DEBUG:Mutex was signaled, continuing with application.
2024-01-05 22:39:53,552:DEBUG:STREAM b'IHDR' 16 13
2024-01-05 22:39:53,553:DEBUG:STREAM b'iCCP' 41 388
2024-01-05 22:39:53,553:DEBUG:iCCP profile name b'ICC profile'
2024-01-05 22:39:53,553:DEBUG:Compression method 0
2024-01-05 22:39:53,553:DEBUG:STREAM b'bKGD' 441 6
2024-01-05 22:39:53,553:DEBUG:b'bKGD' 441 6 (unknown)
2024-01-05 22:39:53,553:DEBUG:STREAM b'pHYs' 459 9
2024-01-05 22:39:53,553:DEBUG:STREAM b'tIME' 480 7
2024-01-05 22:39:53,553:DEBUG:b'tIME' 480 7 (unknown)
2024-01-05 22:39:53,553:DEBUG:STREAM b'tEXt' 499 25
2024-01-05 22:39:53,556:DEBUG:STREAM b'IDAT' 536 8192
2024-01-05 22:40:40,516:DEBUG:Mutex was signaled, continuing with application.
2024-01-05 22:40:40,592:DEBUG:STREAM b'IHDR' 16 13
2024-01-05 22:40:40,592:DEBUG:STREAM b'iCCP' 41 388
2024-01-05 22:40:40,592:DEBUG:iCCP profile name b'ICC profile'
2024-01-05 22:40:40,592:DEBUG:Compression method 0
2024-01-05 22:40:40,592:DEBUG:STREAM b'bKGD' 441 6
2024-01-05 22:40:40,592:DEBUG:b'bKGD' 441 6 (unknown)
2024-01-05 22:40:40,592:DEBUG:STREAM b'pHYs' 459 9
2024-01-05 22:40:40,592:DEBUG:STREAM b'tIME' 480 7
2024-01-05 22:40:40,592:DEBUG:b'tIME' 480 7 (unknown)
2024-01-05 22:40:40,592:DEBUG:STREAM b'tEXt' 499 25
2024-01-05 22:40:40,592:DEBUG:STREAM b'IDAT' 536 8192
2024-01-05 22:43:04,156:DEBUG:Mutex was signaled, continuing with application.
2024-01-05 22:43:04,234:DEBUG:STREAM b'IHDR' 16 13
2024-01-05 22:43:04,234:DEBUG:STREAM b'iCCP' 41 388
2024-01-05 22:43:04,234:DEBUG:iCCP profile name b'ICC profile'
2024-01-05 22:43:04,234:DEBUG:Compression method 0
2024-01-05 22:43:04,234:DEBUG:STREAM b'bKGD' 441 6
2024-01-05 22:43:04,234:DEBUG:b'bKGD' 441 6 (unknown)
2024-01-05 22:43:04,234:DEBUG:STREAM b'pHYs' 459 9
2024-01-05 22:43:04,235:DEBUG:STREAM b'tIME' 480 7
2024-01-05 22:43:04,235:DEBUG:b'tIME' 480 7 (unknown)
2024-01-05 22:43:04,235:DEBUG:STREAM b'tEXt' 499 25
2024-01-05 22:43:04,235:DEBUG:STREAM b'IDAT' 536 8192
2024-01-05 22:43:11,432:DEBUG:Mutex was signaled, continuing with application.
2024-01-05 22:43:11,512:DEBUG:STREAM b'IHDR' 16 13
2024-01-05 22:43:11,512:DEBUG:STREAM b'iCCP' 41 388
2024-01-05 22:43:11,512:DEBUG:iCCP profile name b'ICC profile'
2024-01-05 22:43:11,512:DEBUG:Compression method 0
2024-01-05 22:43:11,512:DEBUG:STREAM b'bKGD' 441 6
2024-01-05 22:43:11,512:DEBUG:b'bKGD' 441 6 (unknown)
2024-01-05 22:43:11,512:DEBUG:STREAM b'pHYs' 459 9
2024-01-05 22:43:11,512:DEBUG:STREAM b'tIME' 480 7
2024-01-05 22:43:11,512:DEBUG:b'tIME' 480 7 (unknown)
2024-01-05 22:43:11,512:DEBUG:STREAM b'tEXt' 499 25
2024-01-05 22:43:11,513:DEBUG:STREAM b'IDAT' 536 8192
2024-01-05 22:44:46,470:DEBUG:STREAM b'IHDR' 16 13
2024-01-05 22:44:46,470:DEBUG:STREAM b'iCCP' 41 388
2024-01-05 22:44:46,470:DEBUG:iCCP profile name b'ICC profile'
2024-01-05 22:44:46,470:DEBUG:Compression method 0
2024-01-05 22:44:46,470:DEBUG:STREAM b'bKGD' 441 6
2024-01-05 22:44:46,470:DEBUG:b'bKGD' 441 6 (unknown)
2024-01-05 22:44:46,470:DEBUG:STREAM b'pHYs' 459 9
2024-01-05 22:44:46,470:DEBUG:STREAM b'tIME' 480 7
2024-01-05 22:44:46,470:DEBUG:b'tIME' 480 7 (unknown)
2024-01-05 22:44:46,470:DEBUG:STREAM b'tEXt' 499 25
2024-01-05 22:44:46,470:DEBUG:STREAM b'IDAT' 536 8192
2024-01-05 22:44:53,772:DEBUG:STREAM b'IHDR' 16 13
2024-01-05 22:44:53,772:DEBUG:STREAM b'iCCP' 41 388
2024-01-05 22:44:53,772:DEBUG:iCCP profile name b'ICC profile'
2024-01-05 22:44:53,772:DEBUG:Compression method 0
2024-01-05 22:44:53,772:DEBUG:STREAM b'bKGD' 441 6
2024-01-05 22:44:53,772:DEBUG:b'bKGD' 441 6 (unknown)
2024-01-05 22:44:53,772:DEBUG:STREAM b'pHYs' 459 9
2024-01-05 22:44:53,772:DEBUG:STREAM b'tIME' 480 7
2024-01-05 22:44:53,772:DEBUG:b'tIME' 480 7 (unknown)
2024-01-05 22:44:53,772:DEBUG:STREAM b'tEXt' 499 25
2024-01-05 22:44:53,773:DEBUG:STREAM b'IDAT' 536 8192
